a:\projects\engine\phosix\phosix\phosix\vendor\glfw\bin\debug-windows-x86_64\glfw\glfw.pdb
a:\projects\engine\phosix\phosix\phosix\vendor\glfw\bin\debug-windows-x86_64\glfw\glfw.idb
a:\projects\engine\phosix\phosix\phosix\vendor\glfw\bin-int\debug-windows-x86_64\glfw\win32_window.obj
a:\projects\engine\phosix\phosix\phosix\vendor\glfw\bin-int\debug-windows-x86_64\glfw\win32_time.obj
a:\projects\engine\phosix\phosix\phosix\vendor\glfw\bin-int\debug-windows-x86_64\glfw\win32_thread.obj
a:\projects\engine\phosix\phosix\phosix\vendor\glfw\bin-int\debug-windows-x86_64\glfw\win32_monitor.obj
a:\projects\engine\phosix\phosix\phosix\vendor\glfw\bin-int\debug-windows-x86_64\glfw\win32_module.obj
a:\projects\engine\phosix\phosix\phosix\vendor\glfw\bin-int\debug-windows-x86_64\glfw\win32_joystick.obj
a:\projects\engine\phosix\phosix\phosix\vendor\glfw\bin-int\debug-windows-x86_64\glfw\win32_init.obj
a:\projects\engine\phosix\phosix\phosix\vendor\glfw\bin-int\debug-windows-x86_64\glfw\wgl_context.obj
a:\projects\engine\phosix\phosix\phosix\vendor\glfw\bin-int\debug-windows-x86_64\glfw\vulkan.obj
a:\projects\engine\phosix\phosix\phosix\vendor\glfw\bin-int\debug-windows-x86_64\glfw\platform.obj
a:\projects\engine\phosix\phosix\phosix\vendor\glfw\bin-int\debug-windows-x86_64\glfw\osmesa_context.obj
a:\projects\engine\phosix\phosix\phosix\vendor\glfw\bin-int\debug-windows-x86_64\glfw\null_window.obj
a:\projects\engine\phosix\phosix\phosix\vendor\glfw\bin-int\debug-windows-x86_64\glfw\null_monitor.obj
a:\projects\engine\phosix\phosix\phosix\vendor\glfw\bin-int\debug-windows-x86_64\glfw\null_joystick.obj
a:\projects\engine\phosix\phosix\phosix\vendor\glfw\bin-int\debug-windows-x86_64\glfw\null_init.obj
a:\projects\engine\phosix\phosix\phosix\vendor\glfw\bin-int\debug-windows-x86_64\glfw\monitor.obj
a:\projects\engine\phosix\phosix\phosix\vendor\glfw\bin-int\debug-windows-x86_64\glfw\input.obj
a:\projects\engine\phosix\phosix\phosix\vendor\glfw\bin-int\debug-windows-x86_64\glfw\init.obj
a:\projects\engine\phosix\phosix\phosix\vendor\glfw\bin-int\debug-windows-x86_64\glfw\egl_context.obj
a:\projects\engine\phosix\phosix\phosix\vendor\glfw\bin-int\debug-windows-x86_64\glfw\context.obj
a:\projects\engine\phosix\phosix\phosix\vendor\glfw\bin-int\debug-windows-x86_64\glfw\window.obj
a:\projects\engine\phosix\phosix\phosix\vendor\glfw\bin\debug-windows-x86_64\glfw\glfw.lib
a:\projects\engine\phosix\phosix\phosix\vendor\glfw\bin-int\debug-windows-x86_64\glfw\glfw.tlog\cl.command.1.tlog
a:\projects\engine\phosix\phosix\phosix\vendor\glfw\bin-int\debug-windows-x86_64\glfw\glfw.tlog\cl.items.tlog
a:\projects\engine\phosix\phosix\phosix\vendor\glfw\bin-int\debug-windows-x86_64\glfw\glfw.tlog\cl.read.1.tlog
a:\projects\engine\phosix\phosix\phosix\vendor\glfw\bin-int\debug-windows-x86_64\glfw\glfw.tlog\cl.write.1.tlog
a:\projects\engine\phosix\phosix\phosix\vendor\glfw\bin-int\debug-windows-x86_64\glfw\glfw.tlog\lib-link.read.1.tlog
a:\projects\engine\phosix\phosix\phosix\vendor\glfw\bin-int\debug-windows-x86_64\glfw\glfw.tlog\lib-link.write.1.tlog
a:\projects\engine\phosix\phosix\phosix\vendor\glfw\bin-int\debug-windows-x86_64\glfw\glfw.tlog\lib.command.1.tlog
